Build started 12/18/2016 10:19:43 AM.
     1>Project "C:\Users\Aleksander\Desktop\Projects\PythonIntegration\PythonIntegration\PythonIntegration.vcxproj" on node 2 (build target(s)).
     1>InitializeBuildStatus:
         Touching "x64\Release\PythonIntegration.unsuccessfulbuild".
       ClCompile:
         c:\Program Files (x86)\Microsoft Visual Studio 10.0\VC\bin\x86_amd64\CL.exe /c /I"C:\Users\Aleksander\AppData\Local\Programs\Python\Python35-32\include" /Zi /nologo /W3 /WX- /O2 /Oi /GL /D WIN32 /D NDEBUG /D _CONSOLE /D _UNICODE /D UNICODE /Gm- /EHsc /MD /GS /Gy /fp:precise /Zc:wchar_t /Zc:forScope /Yc"StdAfx.h" /Fp"x64\Release\PythonIntegration.pch" /Fo"x64\Release\\" /Fd"x64\Release\vc100.pdb" /Gd /TP /errorReport:prompt stdafx.cpp
         stdafx.cpp
         c:\Program Files (x86)\Microsoft Visual Studio 10.0\VC\bin\x86_amd64\CL.exe /c /I"C:\Users\Aleksander\AppData\Local\Programs\Python\Python35-32\include" /Zi /nologo /W3 /WX- /O2 /Oi /GL /D WIN32 /D NDEBUG /D _CONSOLE /D _UNICODE /D UNICODE /Gm- /EHsc /MD /GS /Gy /fp:precise /Zc:wchar_t /Zc:forScope /Yu"StdAfx.h" /Fp"x64\Release\PythonIntegration.pch" /Fo"x64\Release\\" /Fd"x64\Release\vc100.pdb" /Gd /TP /errorReport:prompt PythonIntegration.cpp
         PythonIntegration.cpp
     1>PythonIntegration.cpp(11): warning C4101: 'pValue' : unreferenced local variable
       Link:
         c:\Program Files (x86)\Microsoft Visual Studio 10.0\VC\bin\x86_amd64\link.exe /ERRORREPORT:PROMPT /OUT:"C:\Users\Aleksander\Desktop\Projects\PythonIntegration\x64\Release\PythonIntegration.exe" /INCREMENTAL:NO /NOLOGO /LIBPATH:"C:\Users\Aleksander\AppData\Local\Programs\Python\Python35-32\libs" python3.lib kernel32.lib user32.lib gdi32.lib winspool.lib comdlg32.lib advapi32.lib shell32.lib ole32.lib oleaut32.lib uuid.lib odbc32.lib odbccp32.lib /MANIFEST /ManifestFile:"x64\Release\PythonIntegration.exe.intermediate.manifest" /MANIFESTUAC:"level='asInvoker' uiAccess='false'" /DEBUG /PDB:"C:\Users\Aleksander\Desktop\Projects\PythonIntegration\x64\Release\PythonIntegration.pdb" /SUBSYSTEM:CONSOLE /OPT:REF /OPT:ICF /LTCG /TLBID:1 /DYNAMICBASE /NXCOMPAT /IMPLIB:"C:\Users\Aleksander\Desktop\Projects\PythonIntegration\x64\Release\PythonIntegration.lib" /MACHINE:X64 x64\Release\PythonIntegration.obj
         x64\Release\stdafx.obj
     1>PythonIntegration.obj : error LNK2001: unresolved external symbol __imp_Py_Initialize
     1>PythonIntegration.obj : error LNK2001: unresolved external symbol __imp_PyUnicode_FromString
     1>PythonIntegration.obj : error LNK2001: unresolved external symbol __imp_PyObject_Repr
     1>PythonIntegration.obj : error LNK2001: unresolved external symbol __imp_PyUnicode_AsEncodedString
     1>PythonIntegration.obj : error LNK2001: unresolved external symbol __imp_PyImport_Import
     1>PythonIntegration.obj : error LNK2001: unresolved external symbol __imp_PyErr_Print
     1>PythonIntegration.obj : error LNK2001: unresolved external symbol __imp_PyModule_GetDict
     1>PythonIntegration.obj : error LNK2001: unresolved external symbol __imp_PyDict_GetItemString
     1>PythonIntegration.obj : error LNK2001: unresolved external symbol __imp_PyCallable_Check
     1>PythonIntegration.obj : error LNK2001: unresolved external symbol __imp_PyObject_CallObject
     1>PythonIntegration.obj : error LNK2001: unresolved external symbol __imp_Py_Finalize
     1>C:\Users\Aleksander\Desktop\Projects\PythonIntegration\x64\Release\PythonIntegration.exe : fatal error LNK1120: 11 unresolved externals
     1>Done Building Project "C:\Users\Aleksander\Desktop\Projects\PythonIntegration\PythonIntegration\PythonIntegration.vcxproj" (build target(s)) -- FAILED.

Build FAILED.

Time Elapsed 00:00:00.68
